<?xml version="1.0" encoding="UTF-8"?>
<!-- Generated by org.testng.reporters.JUnitReportReporter -->
<testsuite skipped="0" hostname="TECHMASST300004" name="com.qa.Bookings.Testcases.OverviewpageTest" tests="1" failures="0" timestamp="06 Jan 2021 09:24:26 GMT" time="28.825" errors="0">
  <testcase name="VerifyOverviewpage" time="28.825" classname="com.qa.Bookings.Testcases.OverviewpageTest"/>
</testsuite> <!-- com.qa.Bookings.Testcases.OverviewpageTest -->
